1439642534|/index.php?id=contact|index.php?id=about
1439643747|/index.php|index.php?id=contact
1439643753|/index.php|index.php
1439643754|/index.php?id=contact|index.php
1439643755|/index.php?id=about|index.php?id=contact
1439643756|/index.php?id=log|index.php?id=about
1439643758|/index.php?id=gbook|index.php?id=log
1439643760|/index.php?id=log|index.php?id=gbook
1439645512|/|
1439645515|/index.php?id=log|127.0.0.1
1439648194|/index.php|index.php?id=log
1439648196|/index.php?id=about|index.php
1439648197|/index.php?id=log|index.php?id=about
1439649926|/index.php|index.php?id=log
1439649928|/index.php?id=log|index.php
1439651404|/index.php?id=log|index.php
1439651405|/index.php|index.php?id=log
1439651406|/index.php?id=contact|index.php
1439651406|/index.php?id=about|index.php?id=contact
1439651407|/index.php?id=info|index.php?id=about
1439651408|/index.php?id=log|index.php?id=info
1439658742|/|
1439658744|/index.php?id=info|127.0.0.1
1439658745|/index.php?id=about|index.php?id=info
1439658746|/index.php?id=gbook|index.php?id=about
1439658750|/index.php?id=log|index.php?id=gbook
1439669735|/index.php|index.php?id=log
1439669735|/index.php?id=contact|index.php?id=log
1439669736|/index.php?id=about|index.php?id=contact
1439669736|/index.php|index.php?id=about
1439671611|/index.php|index.php
1439671613|/index.php?id=contact|index.php
1439696971|/|
1439775298|/|
1439775302|/index.php?id=contact|127.0.0.1
1439775303|/index.php?id=about|index.php?id=contact
1439775304|/index.php|index.php?id=about
1439775305|/index.php?id=info|index.php
1439775306|/index.php?id=log|index.php?id=info
1439823793|/|
1440010621|/|
1440010628|/index.php?id=gbook|127.0.0.1
1440010927|/index.php?id=info|index.php?id=gbook
1440010929|/index.php?id=gbook|index.php?id=info
1440012065|/index.php?id=gbook|index.php?id=gbook
1440012114|/index.php?id=gbook|index.php?id=gbook
1440012116|/index.php?id=gbook|index.php?id=info
1440012122|/|
1440012123|/index.php?id=gbook|127.0.0.1
1440012194|/|
1440012195|/index.php?id=gbook|127.0.0.1
1440012317|/index.php?id=gbook|127.0.0.1
1440012330|/index.php?id=gbook|index.php?id=gbook
1440012330|/index.php?id=gbook|index.php?id=gbook
1440012761|/index.php?id=gbook|index.php?id=gbook
1440012761|/index.php?id=gbook|index.php?id=gbook
1440013569|/index.php?id=gbook|index.php?id=gbook
1440013820|/index.php?id=gbook|index.php?id=gbook
1440014061|/index.php?id=gbook|index.php?id=gbook
1440014065|/|
1440014066|/index.php?id=gbook|127.0.0.1
1440014452|/index.php?id=gbook|127.0.0.1
1440014494|/index.php?id=gbook|127.0.0.1
1440014495|/index.php?id=log|index.php?id=gbook
1440014497|/index.php?id=gbook|index.php?id=log
1440014524|/index.php?id=gbook|index.php?id=log
1440014581|/index.php?id=gbook|index.php?id=log
1440014621|/index.php?id=gbook|index.php?id=log
1440014701|/index.php?id=gbook|index.php?id=log
1440014740|/index.php?id=gbook|index.php?id=log
1440014742|/|
1440014745|/index.php?id=log|127.0.0.1
1440014754|/index.php?id=gbook|index.php?id=log
1440014785|/index.php?id=gbook|index.php?id=log
1440014803|/index.php?id=gbook|index.php?id=log
1440014871|/index.php?id=gbook|index.php?id=log
1440014881|/index.php?id=gbook|index.php?id=log
1440015012|/index.php?id=gbook|index.php?id=log
1440015023|/index.php?id=gbook|index.php?id=log
1440015037|/index.php?id=gbook|index.php?id=log
1440015063|/index.php?id=gbook|index.php?id=log
1440015075|/index.php?id=gbook|index.php?id=log
1440015107|/index.php?id=gbook|index.php?id=log
1440015379|/index.php?id=gbook|index.php?id=gbook
1440015379|/index.php?id=gbook|index.php?id=gbook
1440015434|/index.php?id=gbook&del=2|index.php?id=gbook
1440015439|/index.php?id=gbook&del=2&del=2|index.php?id=gbook&del=2
1440015724|/index.php?id=gbook&del=2&del=2|index.php?id=gbook&del=2
1440015754|/index.php?id=gbook&del=2&del=2|index.php?id=gbook&del=2
1440015754|/index.php?id=gbook&del=2&del=2|index.php?id=gbook&del=2
1440015754|/index.php?id=gbook&del=2&del=2|index.php?id=gbook&del=2
1440015754|/index.php?id=gbook&del=2&del=2|index.php?id=gbook&del=2
1440015754|/index.php?id=gbook&del=2&del=2|index.php?id=gbook&del=2
1440015754|/index.php?id=gbook&del=2&del=2|index.php?id=gbook&del=2
1440015754|/index.php?id=gbook&del=2&del=2|index.php?id=gbook&del=2
1440015754|/index.php?id=gbook&del=2&del=2|index.php?id=gbook&del=2
1440015754|/index.php?id=gbook&del=2&del=2|index.php?id=gbook&del=2
1440015754|/index.php?id=gbook&del=2&del=2|index.php?id=gbook&del=2
1440015754|/index.php?id=gbook&del=2&del=2|index.php?id=gbook&del=2
1440015754|/index.php?id=gbook&del=2&del=2|index.php?id=gbook&del=2
1440015754|/index.php?id=gbook&del=2&del=2|index.php?id=gbook&del=2
1440015755|/index.php?id=gbook&del=2&del=2|index.php?id=gbook&del=2
1440015755|/index.php?id=gbook&del=2&del=2|index.php?id=gbook&del=2
1440015755|/index.php?id=gbook&del=2&del=2|index.php?id=gbook&del=2
1440015755|/index.php?id=gbook&del=2&del=2|index.php?id=gbook&del=2
1440015755|/index.php?id=gbook&del=2&del=2|index.php?id=gbook&del=2
1440015755|/index.php?id=gbook&del=2&del=2|index.php?id=gbook&del=2
1440015755|/index.php?id=gbook&del=2&del=2|index.php?id=gbook&del=2
1440015755|/index.php?id=gbook&del=2&del=2|index.php?id=gbook&del=2
1440015755|/index.php?id=gbook&del=2&del=2|index.php?id=gbook&del=2
1440015755|/index.php?id=gbook&del=2&del=2|index.php?id=gbook&del=2
1440015755|/index.php?id=gbook&del=2&del=2|index.php?id=gbook&del=2
1440015755|/index.php?id=gbook&del=2&del=2|index.php?id=gbook&del=2
1440015755|/index.php?id=gbook&del=2&del=2|index.php?id=gbook&del=2
1440015755|/index.php?id=gbook&del=2&del=2|index.php?id=gbook&del=2
1440015755|/index.php?id=gbook&del=2&del=2|index.php?id=gbook&del=2
1440015755|/index.php?id=gbook&del=2&del=2|index.php?id=gbook&del=2
1440015755|/index.php?id=gbook&del=2&del=2|index.php?id=gbook&del=2
1440015755|/index.php?id=gbook&del=2&del=2|index.php?id=gbook&del=2
1440015755|/index.php?id=gbook&del=2&del=2|index.php?id=gbook&del=2
1440015755|/index.php?id=gbook&del=2&del=2|index.php?id=gbook&del=2
1440015755|/index.php?id=gbook&del=2&del=2|index.php?id=gbook&del=2
1440015755|/index.php?id=gbook&del=2&del=2|index.php?id=gbook&del=2
1440015755|/index.php?id=gbook&del=2&del=2|index.php?id=gbook&del=2
1440015755|/index.php?id=gbook&del=2&del=2|index.php?id=gbook&del=2
1440015755|/index.php?id=gbook&del=2&del=2|index.php?id=gbook&del=2
1440015755|/index.php?id=gbook&del=2&del=2|index.php?id=gbook&del=2
1440015755|/index.php?id=gbook&del=2&del=2|index.php?id=gbook&del=2
1440015755|/index.php?id=gbook&del=2&del=2|index.php?id=gbook&del=2
1440015755|/index.php?id=gbook&del=2&del=2|index.php?id=gbook&del=2
1440015760|/index.php?id=gbook&del=2&del=2|index.php?id=gbook&del=2
1440015760|/index.php?id=gbook&del=2&del=2|index.php?id=gbook&del=2
1440015760|/index.php?id=gbook&del=2&del=2|index.php?id=gbook&del=2
1440015760|/index.php?id=gbook&del=2&del=2|index.php?id=gbook&del=2
1440015760|/index.php?id=gbook&del=2&del=2|index.php?id=gbook&del=2
1440015760|/index.php?id=gbook&del=2&del=2|index.php?id=gbook&del=2
1440015760|/index.php?id=gbook&del=2&del=2|index.php?id=gbook&del=2
1440015760|/index.php?id=gbook&del=2&del=2|index.php?id=gbook&del=2
1440015760|/index.php?id=gbook&del=2&del=2|index.php?id=gbook&del=2
1440015760|/index.php?id=gbook&del=2&del=2|index.php?id=gbook&del=2
1440015760|/index.php?id=gbook&del=2&del=2|index.php?id=gbook&del=2
1440015760|/index.php?id=gbook&del=2&del=2|index.php?id=gbook&del=2
1440015760|/index.php?id=gbook&del=2&del=2|index.php?id=gbook&del=2
1440015760|/index.php?id=gbook&del=2&del=2|index.php?id=gbook&del=2
1440015760|/index.php?id=gbook&del=2&del=2|index.php?id=gbook&del=2
1440015760|/index.php?id=gbook&del=2&del=2|index.php?id=gbook&del=2
1440015760|/index.php?id=gbook&del=2&del=2|index.php?id=gbook&del=2
1440015760|/index.php?id=gbook&del=2&del=2|index.php?id=gbook&del=2
1440015760|/index.php?id=gbook&del=2&del=2|index.php?id=gbook&del=2
1440015760|/index.php?id=gbook&del=2&del=2|index.php?id=gbook&del=2
1440015760|/index.php?id=gbook&del=2&del=2|index.php?id=gbook&del=2
1440015790|/index.php?id=gbook&del=2&del=2|index.php?id=gbook&del=2
1440015790|/index.php?id=gbook&del=2&del=2|index.php?id=gbook&del=2
1440015790|/index.php?id=gbook&del=2&del=2|index.php?id=gbook&del=2
1440015790|/index.php?id=gbook&del=2&del=2|index.php?id=gbook&del=2
1440015790|/index.php?id=gbook&del=2&del=2|index.php?id=gbook&del=2
1440015790|/index.php?id=gbook&del=2&del=2|index.php?id=gbook&del=2
1440015790|/index.php?id=gbook&del=2&del=2|index.php?id=gbook&del=2
1440015790|/index.php?id=gbook&del=2&del=2|index.php?id=gbook&del=2
1440015791|/index.php?id=gbook&del=2&del=2|index.php?id=gbook&del=2
1440015791|/index.php?id=gbook&del=2&del=2|index.php?id=gbook&del=2
1440015791|/index.php?id=gbook&del=2&del=2|index.php?id=gbook&del=2
1440015791|/index.php?id=gbook&del=2&del=2|index.php?id=gbook&del=2
1440015791|/index.php?id=gbook&del=2&del=2|index.php?id=gbook&del=2
1440015791|/index.php?id=gbook&del=2&del=2|index.php?id=gbook&del=2
1440015791|/index.php?id=gbook&del=2&del=2|index.php?id=gbook&del=2
1440015791|/index.php?id=gbook&del=2&del=2|index.php?id=gbook&del=2
1440015791|/index.php?id=gbook&del=2&del=2|index.php?id=gbook&del=2
1440015791|/index.php?id=gbook&del=2&del=2|index.php?id=gbook&del=2
1440015791|/index.php?id=gbook&del=2&del=2|index.php?id=gbook&del=2
1440015791|/index.php?id=gbook&del=2&del=2|index.php?id=gbook&del=2
1440015791|/index.php?id=gbook&del=2&del=2|index.php?id=gbook&del=2
1440015936|/index.php?id=gbook&del=2&del=2|index.php?id=gbook&del=2
1440015936|/index.php?id=gbook|index.php?id=gbook&del=2
1440015939|/index.php?id=gbook&del=3|index.php?id=gbook
1440015939|/index.php?id=gbook|index.php?id=gbook
1440016490|/index.php?id=log|index.php?id=gbook
1440016491|/index.php?id=gbook|index.php?id=log
1440016492|/index.php?id=gbook|index.php?id=gbook
1440016511|/index.php|index.php
1440021392|/index.php?id=log|index.php
1440021427|/index.php?id=log|index.php?id=log
1440021430|/index.php?id=log|index.php?id=log
1440066033|/|
1440082233|/|
1440084428|/|
1440088408|/|
1440106393|/|
1440107050|/|
1440149765|/|
1440169734|/|
1440241582|/|
1440252553|/|
1440252556|/index.php?id=log|127.0.0.1
1440253470|/|
1440414479|/|
1440429582|/|
1440436962|/|
1440441135|/|
1440442323|/|
1440446017|/|
1440588602|/|
1440589388|/|
1440592115|/|
1440857904|/|
1440902336|/|
1441604731|/|
1441604735|/index.php?id=gbook|127.0.0.1
1441604861|/index.php|index.php?id=gbook
1441604864|/index.php?id=contact|index.php
1441604865|/index.php?id=about|index.php?id=contact
1441604866|/index.php?id=contact|index.php?id=about
1441604871|/index.php?id=info|index.php?id=contact
1441638965|/|
1441638965|/|
1446994007|/|
1446994016|/index.php?id=contact|localhost
1446994022|/index.php?id=about|index.php?id=contact
1446994023|/index.php?id=info|index.php?id=about
1446994025|/index.php?id=info|index.php?id=info
1446994040|/index.php?id=info|index.php?id=info
1446994041|/index.php?id=gbook|index.php?id=info
1446994058|/index.php?id=log|index.php?id=gbook
1446994099|/|
1446994101|/index.php?id=log|localhost
1446994171|/|
1446994174|/index.php?id=info|localhost
1446994240|/|
1446995109|/index.php|test
1446995111|/index.php?id=info|index.php
1447717637|/|
1447717648|/index.php?id=info|localhost
1447717657|/index.php|index.php?id=info
1447717657|/index.php?id=contact|index.php
1447717659|/index.php?id=about|index.php?id=contact
1447717660|/index.php?id=info|index.php?id=about
1447717665|/index.php?id=gbook|index.php?id=info
1447717669|/index.php?id=log|index.php?id=gbook
1447717798|/|
1447718120|/|
1447718122|/index.php?id=gbook|127.0.0.1
1447843518|/|
1447843520|/index.php?id=info|127.0.0.1
1447843692|/index.php?id=info|index.php?id=info
1447843733|/index.php|index.php
1447843736|/index.php?id=contact|index.php
1447843738|/index.php?id=about|index.php?id=contact
1447843741|/index.php|index.php?id=about
1447843743|/index.php?id=log|index.php
1447843758|/index.php?id=info|index.php?id=log
1447843759|/index.php?id=about|index.php?id=info
1447843761|/index.php?id=contact|index.php?id=about
1447844344|/|
1447844345|/index.php?id=gbook|127.0.0.1
1447844858|/|
1447844873|/index.php?id=gbook|127.0.0.1
1447844874|/index.php?id=info|index.php?id=gbook
1447844875|/index.php?id=about|index.php?id=info
1447844924|/index.php|index.php
1447848268|/|
1447848520|/|
1447848666|/|
1447848669|/index.php?id=gbook|127.0.0.1
1447848674|/index.php|index.php?id=gbook
1447848675|/index.php?id=contact|index.php
1447848676|/index.php?id=about|index.php?id=contact
1447848676|/index.php?id=info|index.php?id=about
1447882864|/|
1447882870|/index.php?id=gbook|127.0.0.1
1447882872|/index.php?id=log|index.php?id=gbook
1447882919|/|
1447946646|/|
1447946648|/index.php?id=gbook|127.0.0.1
1447946652|/index.php?id=log|index.php?id=gbook
1447946653|/index.php?id=info|index.php?id=log
1447947603|/|
1447947605|/index.php?id=contact|127.0.0.1
1448043372|/|
1448043380|/index.php|index.php
1448043382|/index.php|index.php
1448043383|/index.php|index.php
1448043384|/index.php?id=contact|index.php
1448043394|/index.php?id=info|index.php?id=contact
1448043396|/index.php?id=about|index.php?id=info
1448043401|/index.php?id=gbook|index.php?id=about
1448080822|/|
1448080826|/index.php?id=gbook|127.0.0.1
1448135777|/|
1448138411|/|
1448211355|/|
1448211369|/index.php?id=gbook|127.0.0.1
1448214555|/|
1448477913|/|
1448482742|/|
1448482751|/index.php?id=contact|127.0.0.1
1448482756|/index.php?id=about|index.php?id=contact
1448482760|/index.php|index.php
1448482762|/index.php?id=gbook|index.php
1448482778|/index.php?id=log|index.php?id=gbook
1448482786|/index.php|index.php?id=gbook
1448483875|/index.php?id=gbook|index.php
1448483891|/index.php?id=gbook|index.php?id=gbook
1448483892|/index.php?id=gbook|index.php?id=gbook
1448483896|/index.php?id=gbook&del=1|index.php?id=gbook
1448483896|/index.php?id=gbook|index.php?id=gbook
1448483923|/index.php|index.php?id=gbook
1448483926|/index.php?id=contact|index.php
1448483930|/index.php?id=about|index.php?id=contact
1448483932|/index.php?id=info|index.php?id=about
1448483934|/index.php|index.php
1448483945|/index.php|index.php
1448483946|/index.php?id=gbook|index.php
1448483957|/index.php?id=gbook|index.php?id=gbook
1448483957|/index.php?id=gbook|index.php?id=gbook
1448483962|/index.php?id=gbook&del=2|index.php?id=gbook
1448483962|/index.php?id=gbook|index.php?id=gbook
1448483966|/index.php?id=gbook|index.php?id=gbook
1448483988|/index.php?id=log|index.php?id=gbook
1448485063|/index.php|index.php?id=log
1448659694|/urok2/|
1448659697|/urok2/index.php?id=about|urok2
1448659697|/urok2/index.php?id=contact|index.php?id=about
1448659698|/urok2/index.php|index.php?id=contact
1448755219|/urok2/|127.0.0.1
1448755546|/urok2/index.php?id=info|urok2
1448755638|/urok2/index.php?id=contact|index.php?id=info
1448755639|/urok2/index.php|index.php?id=contact
1448755641|/urok2/index.php?id=about|index.php
1448755661|/urok2/index.php?id=about|index.php?id=about
1448755661|/urok2/index.php?id=contact|index.php?id=about
1448755663|/urok2/index.php|index.php?id=contact
1448755665|/urok2/index.php?id=gbook|index.php
1448755666|/urok2/index.php?id=log|index.php?id=gbook
1448755678|/urok2/index.php?id=about|index.php?id=log
1448755686|/urok2/index.php?id=gbook|index.php?id=about
1448755690|/urok2/index.php?id=log|index.php?id=gbook
1448887045|/urok2/|127.0.0.1
1449905621|/urok2/|127.0.0.1
1449905629|/urok2/index.php?id=about|urok2
1449905660|/urok2/|
1449906756|/urok2/|
1449906767|/urok2/|
1449906881|/urok2/|
1449906882|/urok2/|
1449906882|/urok2/|
1449906883|/urok2/|
1449906884|/urok2/|
1449906917|/urok2/|127.0.0.1
1449906919|/urok2/index.php|urok2
1449906921|/urok2/index.php|urok2
1449906922|/urok2/index.php|urok2
1449906923|/urok2/index.php|urok2
1449906932|/urok2/|127.0.0.1
1449906934|/urok2/index.php|urok2
1449906936|/urok2/index.php?id=log|index.php
1449908071|/urok2/|
1449908568|/urok2/|
